TN:
SF:src/index.ts
FN:32,(anonymous_0)
FN:38,(anonymous_1)
FN:44,(anonymous_2)
FN:53,(anonymous_3)
FN:65,(anonymous_4)
FN:79,(anonymous_5)
FN:90,(anonymous_6)
FN:129,(anonymous_7)
FN:133,(anonymous_8)
FN:153,(anonymous_9)
FN:157,(anonymous_10)
FN:161,(anonymous_11)
FN:165,(anonymous_12)
FN:169,(anonymous_13)
FN:174,(anonymous_14)
FNF:15
FNH:15
FNDA:17,(anonymous_0)
FNDA:17,(anonymous_1)
FNDA:14,(anonymous_2)
FNDA:7,(anonymous_3)
FNDA:14,(anonymous_4)
FNDA:14,(anonymous_5)
FNDA:14,(anonymous_6)
FNDA:3,(anonymous_7)
FNDA:17,(anonymous_8)
FNDA:4,(anonymous_9)
FNDA:8,(anonymous_10)
FNDA:2,(anonymous_11)
FNDA:3,(anonymous_12)
FNDA:4,(anonymous_13)
FNDA:2,(anonymous_14)
DA:17,1
DA:24,1
DA:32,1
DA:33,17
DA:34,17
DA:38,1
DA:39,17
DA:40,17
DA:44,1
DA:45,14
DA:46,14
DA:47,44
DA:49,14
DA:53,1
DA:54,7
DA:55,7
DA:56,7
DA:57,0
DA:59,7
DA:60,1
DA:64,6
DA:65,6
DA:66,14
DA:67,9
DA:68,1
DA:70,8
DA:72,13
DA:75,0
DA:79,1
DA:80,14
DA:81,14
DA:82,14
DA:83,14
DA:84,14
DA:85,14
DA:86,14
DA:87,14
DA:90,1
DA:91,14
DA:92,14
DA:93,14
DA:94,14
DA:95,14
DA:96,14
DA:98,14
DA:99,14
DA:101,2
DA:102,2
DA:103,2
DA:104,2
DA:106,2
DA:107,2
DA:109,12
DA:111,3
DA:115,3
DA:116,3
DA:118,9
DA:120,0
DA:123,14
DA:130,3
DA:134,17
DA:136,14
DA:137,14
DA:139,3
DA:140,3
DA:142,2
DA:143,2
DA:145,2
DA:146,2
DA:148,7
DA:150,14
DA:154,4
DA:158,8
DA:162,2
DA:166,3
DA:170,4
DA:171,4
DA:175,2
DA:176,2
DA:177,2
DA:181,1
LF:81
LH:78
BRDA:33,0,0,17
BRDA:33,0,1,0
BRDA:34,1,0,7
BRDA:34,1,1,10
BRDA:54,2,0,0
BRDA:54,3,0,7
BRDA:54,3,1,7
BRDA:56,4,0,0
BRDA:57,5,0,0
BRDA:57,5,1,0
BRDA:59,6,0,1
BRDA:60,7,0,1
BRDA:60,7,1,0
BRDA:66,8,0,9
BRDA:66,9,0,14
BRDA:66,9,1,9
BRDA:67,10,0,1
BRDA:91,11,0,14
BRDA:91,11,1,0
BRDA:94,12,0,3
BRDA:94,12,1,11
BRDA:99,13,0,2
BRDA:99,13,1,12
BRDA:103,14,0,2
BRDA:106,15,0,2
BRDA:109,16,0,3
BRDA:109,16,1,9
BRDA:115,17,0,3
BRDA:118,18,0,0
BRDA:129,19,0,1
BRDA:134,20,0,3
BRDA:137,21,0,3
BRDA:137,21,1,2
BRDA:137,21,2,2
BRDA:137,21,3,7
BRDA:170,22,0,4
BRDA:170,22,1,1
BRF:37
BRH:29
end_of_record
